# JRE version: OpenJDK Runtime Environment (7.0_65-b32) (build 1.7.0_65-b32)
# Java VM: OpenJDK 64-Bit Server VM (24.65-b04 mixed mode linux-amd64 compressed oops)
Heap
 def new generation   total 52992K, used 0K [0x00000000e6400000, 0x00000000e9d70000, 0x00000000eb600000)
  eden space 47168K,   0% used [0x00000000e6400000, 0x00000000e6400000, 0x00000000e9210000)
  from space 5824K,   0% used [0x00000000e9210000, 0x00000000e9210000, 0x00000000e97c0000)
  to   space 5824K,   0% used [0x00000000e97c0000, 0x00000000e97c0000, 0x00000000e9d70000)
 tenured generation   total 118100K, used 111339K [0x00000000eb600000, 0x00000000f2955000, 0x00000000f5a00000)
   the space 118100K,  94% used [0x00000000eb600000, 0x00000000f22bac90, 0x00000000f22bae00, 0x00000000f2955000)
 compacting perm gen  total 26240K, used 26232K [0x00000000f5a00000, 0x00000000f73a0000, 0x0000000100000000)
   the space 26240K,  99% used [0x00000000f5a00000, 0x00000000f739e318, 0x00000000f739e400, 0x00000000f73a0000)
GC Heap History (10 events):
Event: 35.496 GC heap after
Heap after GC invocations=320 (full 9):
 def new generation   total 52992K, used 3994K [0x00000000e6400000, 0x00000000e9d70000, 0x00000000eb600000)
  eden space 47168K,   0% used [0x00000000e6400000, 0x00000000e6400000, 0x00000000e9210000)
  from space 5824K,  68% used [0x00000000e97c0000, 0x00000000e9ba6bd8, 0x00000000e9d70000)
  to   space 5824K,   0% used [0x00000000e9210000, 0x00000000e9210000, 0x00000000e97c0000)
 tenured generation   total 117524K, used 107644K [0x00000000eb600000, 0x00000000f28c5000, 0x00000000f5a00000)
   the space 117524K,  91% used [0x00000000eb600000, 0x00000000f1f1f0d8, 0x00000000f1f1f200, 0x00000000f28c5000)
 compacting perm gen  total 26240K, used 26230K [0x00000000f5a00000, 0x00000000f73a0000, 0x0000000100000000)
   the space 26240K,  99% used [0x00000000f5a00000, 0x00000000f739da78, 0x00000000f739dc00, 0x00000000f73a0000)
No shared spaces configured.
}
Event: 35.761 GC heap before
{Heap before GC invocations=320 (full 9):
 def new generation   total 52992K, used 51162K [0x00000000e6400000, 0x00000000e9d70000, 0x00000000eb600000)
  eden space 47168K, 100% used [0x00000000e6400000, 0x00000000e9210000, 0x00000000e9210000)
  from space 5824K,  68% used [0x00000000e97c0000, 0x00000000e9ba6bd8, 0x00000000e9d70000)
  to   space 5824K,   0% used [0x00000000e9210000, 0x00000000e9210000, 0x00000000e97c0000)
 tenured generation   total 117524K, used 107644K [0x00000000eb600000, 0x00000000f28c5000, 0x00000000f5a00000)
   the space 117524K,  91% used [0x00000000eb600000, 0x00000000f1f1f0d8, 0x00000000f1f1f200, 0x00000000f28c5000)
 compacting perm gen  total 26240K, used 26230K [0x00000000f5a00000, 0x00000000f73a0000, 0x0000000100000000)
   the space 26240K,  99% used [0x00000000f5a00000, 0x00000000f739da78, 0x00000000f739dc00, 0x00000000f73a0000)
No shared spaces configured.
Event: 35.781 GC heap after
Heap after GC invocations=321 (full 9):
 def new generation   total 52992K, used 4151K [0x00000000e6400000, 0x00000000e9d70000, 0x00000000eb600000)
  eden space 47168K,   0% used [0x00000000e6400000, 0x00000000e6400000, 0x00000000e9210000)
  from space 5824K,  71% used [0x00000000e9210000, 0x00000000e961dcf8, 0x00000000e97c0000)
  to   space 5824K,   0% used [0x00000000e97c0000, 0x00000000e97c0000, 0x00000000e9d70000)
 tenured generation   total 117524K, used 109556K [0x00000000eb600000, 0x00000000f28c5000, 0x00000000f5a00000)
   the space 117524K,  93% used [0x00000000eb600000, 0x00000000f20fd1b8, 0x00000000f20fd200, 0x00000000f28c5000)
 compacting perm gen  total 26240K, used 26230K [0x00000000f5a00000, 0x00000000f73a0000, 0x0000000100000000)
   the space 26240K,  99% used [0x00000000f5a00000, 0x00000000f739da78, 0x00000000f739dc00, 0x00000000f73a0000)
No shared spaces configured.
}
Event: 36.048 GC heap before
{Heap before GC invocations=321 (full 9):
 def new generation   total 52992K, used 51319K [0x00000000e6400000, 0x00000000e9d70000, 0x00000000eb600000)
  eden space 47168K, 100% used [0x00000000e6400000, 0x00000000e9210000, 0x00000000e9210000)
  from space 5824K,  71% used [0x00000000e9210000, 0x00000000e961dcf8, 0x00000000e97c0000)
  to   space 5824K,   0% used [0x00000000e97c0000, 0x00000000e97c0000, 0x00000000e9d70000)
 tenured generation   total 117524K, used 109556K [0x00000000eb600000, 0x00000000f28c5000, 0x00000000f5a00000)
   the space 117524K,  93% used [0x00000000eb600000, 0x00000000f20fd1b8, 0x00000000f20fd200, 0x00000000f28c5000)
 compacting perm gen  total 26240K, used 26230K [0x00000000f5a00000, 0x00000000f73a0000, 0x0000000100000000)
   the space 26240K,  99% used [0x00000000f5a00000, 0x00000000f739da78, 0x00000000f739dc00, 0x00000000f73a0000)
No shared spaces configured.
Event: 36.073 GC heap after
Heap after GC invocations=322 (full 9):
 def new generation   total 52992K, used 4193K [0x00000000e6400000, 0x00000000e9d70000, 0x00000000eb600000)
  eden space 47168K,   0% used [0x00000000e6400000, 0x00000000e6400000, 0x00000000e9210000)
  from space 5824K,  72% used [0x00000000e97c0000, 0x00000000e9bd8560, 0x00000000e9d70000)
  to   space 5824K,   0% used [0x00000000e9210000, 0x00000000e9210000, 0x00000000e97c0000)
 tenured generation   total 117524K, used 111630K [0x00000000eb600000, 0x00000000f28c5000, 0x00000000f5a00000)
   the space 117524K,  94% used [0x00000000eb600000, 0x00000000f2303a78, 0x00000000f2303c00, 0x00000000f28c5000)
 compacting perm gen  total 26240K, used 26230K [0x00000000f5a00000, 0x00000000f73a0000, 0x0000000100000000)
   the space 26240K,  99% used [0x00000000f5a00000, 0x00000000f739da78, 0x00000000f739dc00, 0x00000000f73a0000)
No shared spaces configured.
}
Event: 36.350 GC heap before
{Heap before GC invocations=322 (full 9):
 def new generation   total 52992K, used 51361K [0x00000000e6400000, 0x00000000e9d70000, 0x00000000eb600000)
  eden space 47168K, 100% used [0x00000000e6400000, 0x00000000e9210000, 0x00000000e9210000)
  from space 5824K,  72% used [0x00000000e97c0000, 0x00000000e9bd8560, 0x00000000e9d70000)
  to   space 5824K,   0% used [0x00000000e9210000, 0x00000000e9210000, 0x00000000e97c0000)
 tenured generation   total 117524K, used 111630K [0x00000000eb600000, 0x00000000f28c5000, 0x00000000f5a00000)
   the space 117524K,  94% used [0x00000000eb600000, 0x00000000f2303a78, 0x00000000f2303c00, 0x00000000f28c5000)
 compacting perm gen  total 26240K, used 26230K [0x00000000f5a00000, 0x00000000f73a0000, 0x0000000100000000)
   the space 26240K,  99% used [0x00000000f5a00000, 0x00000000f739da78, 0x00000000f739dc00, 0x00000000f73a0000)
No shared spaces configured.
Event: 36.371 GC heap after
Heap after GC invocations=323 (full 9):
 def new generation   total 52992K, used 4236K [0x00000000e6400000, 0x00000000e9d70000, 0x00000000eb600000)
  eden space 47168K,   0% used [0x00000000e6400000, 0x00000000e6400000, 0x00000000e9210000)
  from space 5824K,  72% used [0x00000000e9210000, 0x00000000e9633360, 0x00000000e97c0000)
  to   space 5824K,   0% used [0x00000000e97c0000, 0x00000000e97c0000, 0x00000000e9d70000)
 tenured generation   total 117524K, used 113698K [0x00000000eb600000, 0x00000000f28c5000, 0x00000000f5a00000)
   the space 117524K,  96% used [0x00000000eb600000, 0x00000000f2508b90, 0x00000000f2508c00, 0x00000000f28c5000)
 compacting perm gen  total 26240K, used 26230K [0x00000000f5a00000, 0x00000000f73a0000, 0x0000000100000000)
   the space 26240K,  99% used [0x00000000f5a00000, 0x00000000f739da78, 0x00000000f739dc00, 0x00000000f73a0000)
No shared spaces configured.
}
Event: 36.648 GC heap before
{Heap before GC invocations=323 (full 9):
 def new generation   total 52992K, used 51404K [0x00000000e6400000, 0x00000000e9d70000, 0x00000000eb600000)
  eden space 47168K, 100% used [0x00000000e6400000, 0x00000000e9210000, 0x00000000e9210000)
  from space 5824K,  72% used [0x00000000e9210000, 0x00000000e9633360, 0x00000000e97c0000)
  to   space 5824K,   0% used [0x00000000e97c0000, 0x00000000e97c0000, 0x00000000e9d70000)
 tenured generation   total 117524K, used 113698K [0x00000000eb600000, 0x00000000f28c5000, 0x00000000f5a00000)
   the space 117524K,  96% used [0x00000000eb600000, 0x00000000f2508b90, 0x00000000f2508c00, 0x00000000f28c5000)
 compacting perm gen  total 26240K, used 26230K [0x00000000f5a00000, 0x00000000f73a0000, 0x0000000100000000)
   the space 26240K,  99% used [0x00000000f5a00000, 0x00000000f739da78, 0x00000000f739dc00, 0x00000000f73a0000)
No shared spaces configured.
Event: 36.669 GC heap after
Heap after GC invocations=324 (full 9):
 def new generation   total 52992K, used 4110K [0x00000000e6400000, 0x00000000e9d70000, 0x00000000eb600000)
  eden space 47168K,   0% used [0x00000000e6400000, 0x00000000e6400000, 0x00000000e9210000)
  from space 5824K,  70% used [0x00000000e97c0000, 0x00000000e9bc3a00, 0x00000000e9d70000)
  to   space 5824K,   0% used [0x00000000e9210000, 0x00000000e9210000, 0x00000000e97c0000)
 tenured generation   total 117524K, used 115816K [0x00000000eb600000, 0x00000000f28c5000, 0x00000000f5a00000)
   the space 117524K,  98% used [0x00000000eb600000, 0x00000000f271a060, 0x00000000f271a200, 0x00000000f28c5000)
 compacting perm gen  total 26240K, used 26230K [0x00000000f5a00000, 0x00000000f73a0000, 0x0000000100000000)
   the space 26240K,  99% used [0x00000000f5a00000, 0x00000000f739da78, 0x00000000f739dc00, 0x00000000f73a0000)
No shared spaces configured.
}
Event: 36.946 GC heap before
{Heap before GC invocations=324 (full 9):
 def new generation   total 52992K, used 51278K [0x00000000e6400000, 0x00000000e9d70000, 0x00000000eb600000)
  eden space 47168K, 100% used [0x00000000e6400000, 0x00000000e9210000, 0x00000000e9210000)
  from space 5824K,  70% used [0x00000000e97c0000, 0x00000000e9bc3a00, 0x00000000e9d70000)
  to   space 5824K,   0% used [0x00000000e9210000, 0x00000000e9210000, 0x00000000e97c0000)
 tenured generation   total 117524K, used 115816K [0x00000000eb600000, 0x00000000f28c5000, 0x00000000f5a00000)
   the space 117524K,  98% used [0x00000000eb600000, 0x00000000f271a060, 0x00000000f271a200, 0x00000000f28c5000)
 compacting perm gen  total 26240K, used 26232K [0x00000000f5a00000, 0x00000000f73a0000, 0x0000000100000000)
   the space 26240K,  99% used [0x00000000f5a00000, 0x00000000f739e318, 0x00000000f739e400, 0x00000000f73a0000)
No shared spaces configured.

